<?xml version="1.0" encoding="UTF-8"?>
<!-- Generated by org.testng.reporters.JUnitXMLReporter -->
<testsuite ignored="0" hostname="Venkat-Lappy" failures="0" tests="3" name="Default test" time="11.23" errors="0" timestamp="2022-03-15T10:19:46 EDT">
  <testcase classname="lmsApiTesting.LMS_Post" name="Should_Post_New_Program" time="6.999"/>
  <testcase classname="lmsApiTesting.LMS_Post" name="Should_Post_New_Program" time="0.586"/>
  <testcase classname="lmsApiTesting.LMS_Post" name="Should_Post_New_Program" time="0.473"/>
</testsuite> <!-- Default test -->
