<?xml version="1.0" encoding="UTF-8"?>
<testng-results ignored="0" total="3" passed="3" failed="0" skipped="0">
  <reporter-output>
  </reporter-output>
  <suite started-at="2022-03-15T10:19:35 EDT" name="Default suite" finished-at="2022-03-15T10:19:46 EDT" duration-ms="11230">
    <groups>
    </groups>
    <test started-at="2022-03-15T10:19:35 EDT" name="Default test" finished-at="2022-03-15T10:19:46 EDT" duration-ms="11230">
      <class name="lmsApiTesting.LMS_Post">
        <test-method signature="Should_Post_New_Program(java.lang.String,java.lang.String,java.lang.String)[pri:0, instance:lmsApiTesting.LMS_Post@54a7079e]" started-at="2022-03-15T10:19:38 EDT" name="Should_Post_New_Program" data-provider="ProgramDataProvider" finished-at="2022-03-15T10:19:45 EDT" duration-ms="6999" status="PASS">
          <params>
            <param index="0">
              <value>
                <![CDATA[Selenium]]>
              </value>
            </param>
            <param index="1">
              <value>
                <![CDATA[Testing]]>
              </value>
            </param>
            <param index="2">
              <value>
                <![CDATA[TRUE]]>
              </value>
            </param>
          </params>
          <reporter-output>
          </reporter-output>
        </test-method> <!-- Should_Post_New_Program -->
        <test-method signature="Should_Post_New_Program(java.lang.String,java.lang.String,java.lang.String)[pri:0, instance:lmsApiTesting.LMS_Post@54a7079e]" started-at="2022-03-15T10:19:45 EDT" name="Should_Post_New_Program" data-provider="ProgramDataProvider" finished-at="2022-03-15T10:19:46 EDT" duration-ms="586" status="PASS">
          <params>
            <param index="0">
              <value>
                <![CDATA[Java]]>
              </value>
            </param>
            <param index="1">
              <value>
                <![CDATA[Testing]]>
              </value>
            </param>
            <param index="2">
              <value>
                <![CDATA[false ]]>
              </value>
            </param>
          </params>
          <reporter-output>
          </reporter-output>
        </test-method> <!-- Should_Post_New_Program -->
        <test-method signature="Should_Post_New_Program(java.lang.String,java.lang.String,java.lang.String)[pri:0, instance:lmsApiTesting.LMS_Post@54a7079e]" started-at="2022-03-15T10:19:46 EDT" name="Should_Post_New_Program" data-provider="ProgramDataProvider" finished-at="2022-03-15T10:19:46 EDT" duration-ms="473" status="PASS">
          <params>
            <param index="0">
              <value>
                <![CDATA[Csharp]]>
              </value>
            </param>
            <param index="1">
              <value>
                <![CDATA[Testing]]>
              </value>
            </param>
            <param index="2">
              <value>
                <![CDATA[TRUE]]>
              </value>
            </param>
          </params>
          <reporter-output>
          </reporter-output>
        </test-method> <!-- Should_Post_New_Program -->
      </class> <!-- lmsApiTesting.LMS_Post -->
    </test> <!-- Default test -->
  </suite> <!-- Default suite -->
</testng-results>
